kobekobe::create a account! 2014/03/16 11:54:54
kobekob22::create a account! 2014/03/16 12:00:24
kobekobe::create a account! 2014/03/16 12:43:39
kobekobe::create a account! 2014/03/16 12:45:18
kobekobe::create a account! 2014/03/30 03:26:13
lkjsdlkfj::create a account! 2014/03/30 03:57:04
kkkkkkk::create a account! 2014/03/30 04:10:12
:NA online: 0 offline: 3 EU online: 0 offline: 3 AS online: 0 offline: 3
2014/03/30 05:24:55
:NA online: 0 offline: 3 EU online: 0 offline: 3 AS online: 0 offline: 3
2014/03/30 05:28:27
:NA online: 0 offline: 3 EU online: 0 offline: 3 AS online: 0 offline: 3
2014/03/30 05:37:01
kkkkkkkkk::create a account! 2014/04/06 09:29:49
kkkkkkk::create a account! 2014/04/06 09:39:44
kkkkkkk::create a account! 2014/04/07 02:46:45
kkkkkkk::create a account! 2014/04/07 03:26:40
kkkkkkkk::create a account! 2014/04/07 03:38:50
xincheng::create a account! 2014/04/07 03:48:10
xincheng::sign in! 2014/04/07 03:48:40
xincheng::sign out! 2014/04/07 03:49:40
xincheng::create a account! 2014/04/07 03:54:04
:NA:onlinePlayers: 0 OfflinePlayers: 0
EU:onlinePlayers: 0 OfflinePla
AS:onlinePlayers: 0 OfflinePla
2014/04/07 05:48:41
:NA:onlinePlayers: 0 OfflinePlayers: 0
EU:onlinePlayers: 0 OfflinePla
AS:onlinePlayers: 0 OfflinePla
2014/04/07 05:55:02
:NA:onlinePlayers: 0 OfflinePlayers: 0
EU:onlinePlayers: 0 OfflinePlayers: 0
AS:onlinePlayers: 0 OfflinePlayers: 0
2014/04/07 06:02:03
:NA :onlinePlayers: 0 OfflinePlayers: 0
EU :onlinePlayers: 0 OfflinePlayers: 0
AS :onlinePlayers: 0 OfflinePlayers: 0
2014/04/07 06:05:46
:NA: onlinePlayers: 0 OfflinePlayers: 0
EU: onlinePlayers: 0 OfflinePlayers: 0
AS: onlinePlayers: 0 OfflinePlayers: 0
2014/04/07 06:08:24
kkkkkk::create a account! 2014/04/07 06:09:19
:NA: onlinePlayers: 0 OfflinePlayers: 1
EU: onlinePlayers: 0 OfflinePlayers: 0
AS: onlinePlayers: 0 OfflinePlayers: 0
2014/04/07 06:09:44
kkkkkk::sign in! 2014/04/07 06:10:14
:NA: onlinePlayers: 1 OfflinePlayers: 0
EU: onlinePlayers: 0 OfflinePlayers: 0
AS: onlinePlayers: 0 OfflinePlayers: 0
2014/04/07 06:10:39
:NA: onlinePlayers: 0 OfflinePlayers: 0
EU: onlinePlayers: 0 OfflinePlayers: 0
AS: onlinePlayers: 0 OfflinePlayers: 0
2014/04/07 06:13:05
:NA: onlinePlayers: 0 OfflinePlayers: 0
EU: onlinePlayers: 0 OfflinePlayers: 1
AS: onlinePlayers: 0 OfflinePlayers: 0
2014/04/07 06:14:34
xincheng::create a account! 2014/04/07 06:27:42
xincheng: have transfered to 93.1.1.1
:NA: onlinePlayers: 0 OfflinePlayers: 0
EU: onlinePlayers: 0 OfflinePlayers: 1
AS: onlinePlayers: 0 OfflinePlayers: 0
2014/04/07 06:31:17
:NA: onlinePlayers: 0 OfflinePlayers: 0
EU: onlinePlayers: 0 OfflinePlayers: 0
AS: onlinePlayers: 0 OfflinePlayers: 0
2014/04/07 06:39:39
xincheng::create a account! 2014/04/07 06:43:17
xincheng: has been suspended 
xincheng::create a account! 2014/04/07 06:47:53
xincheng: has been suspended 
xincheng::create a account! 2014/04/07 06:57:10
xincheng2::create a account! 2014/04/07 06:57:55
xincheng3::create a account! 2014/04/07 06:58:25
xincheng1::create a account! 2014/04/07 07:03:08
xincheng2::create a account! 2014/04/07 07:03:28
xincheng3::create a account! 2014/04/07 07:03:53
xincheng1::create a account! 2014/04/07 07:10:15
xincheng2::create a account! 2014/04/07 07:10:35
xincheng3::create a account! 2014/04/07 07:11:00
xincheng1::create a account! 2014/04/07 07:13:24
xincheng2::create a account! 2014/04/07 07:13:50
xincheng3::create a account! 2014/04/07 07:14:05
xincheng4::create a account! 2014/04/07 07:14:50
xincheng5::create a account! 2014/04/07 07:15:10
xincheng6::create a account! 2014/04/07 07:15:20
xincheng::create a account! 2014/04/07 07:25:03
xincheng2::create a account! 2014/04/07 07:25:58
xincheng3::create a account! 2014/04/07 07:27:13
:NA: onlinePlayers: 0 OfflinePlayers: 0
EU: onlinePlayers: 0 OfflinePlayers: 0
AS: onlinePlayers: 0 OfflinePlayers: 0
2014/04/07 07:28:43
xincheng::create a account! 2014/04/07 07:34:18
xincheng::sign in! 2014/04/07 07:34:33
xincheng2::create a account! 2014/04/07 07:36:33
xincheng2::sign in! 2014/04/07 07:37:13
xincheng1::create a account! 2014/04/07 08:05:03
xincheng1::sign in! 2014/04/07 08:05:28
xincheng2::create a account! 2014/04/07 08:06:18
:NA: onlinePlayers: 1 OfflinePlayers: 1
EU: onlinePlayers: 0 OfflinePlayers: 0
AS: onlinePlayers: 0 OfflinePlayers: 0
2014/04/07 08:06:48
xincheng2::sign in! 2014/04/07 08:07:58
xincheng3::create a account! 2014/04/07 08:08:33
xincheng4::create a account! 2014/04/07 08:09:33
xincheng4::sign in! 2014/04/07 08:10:03
:NA: onlinePlayers: 1 OfflinePlayers: 0
EU: onlinePlayers: 0 OfflinePlayers: 0
AS: onlinePlayers: 0 OfflinePlayers: 0
2014/04/07 08:10:58
xincheng::create a account! 2014/04/09 09:02:30
xincheng::sign in! 2014/04/09 09:05:44
:NA: onlinePlayers: 1 OfflinePlayers: 0
EU: onlinePlayers: 0 OfflinePlayers: 0
AS: onlinePlayers: 0 OfflinePlayers: 0
2014/04/09 09:07:35
xincheng: have transfered to 93.1.1.1
:NA: onlinePlayers: 0 OfflinePlayers: 0
EU: onlinePlayers: 0 OfflinePlayers: 1
AS: onlinePlayers: 0 OfflinePlayers: 0
2014/04/09 09:09:25
xincheng::create a account! 2014/04/09 09:12:42
xincheng2::create a account! 2014/04/09 09:13:32
xincheng3::create a account! 2014/04/09 09:13:57
xincheng::create a account! 2014/04/13 06:35:04
xincheng::create a account! 2014/04/13 07:09:01
xincheng::create a account! 2014/04/13 07:20:52
jfjfjfjfjf::create a account! 2014/04/13 07:30:57
xincheng::create a account! 2014/04/13 07:31:07
xincheng::create a account! 2014/04/14 08:21:07
xincheng::create a account! 2014/04/14 08:56:07
xincheng::sign in! 2014/04/14 08:59:37
xincheng::sign out! 2014/04/14 09:06:07
xincheng: have transfered to 93.1.1.1
:NA: onlinePlayers: 0 OfflinePlayers: 0
EU: onlinePlayers: 0 OfflinePlayers: 1
AS: onlinePlayers: 0 OfflinePlayers: 0
2014/04/14 09:10:27
xincheng::create a account! 2014/04/14 09:19:42
xincheng1::create a account! 2014/04/14 09:33:23
xincheng2::create a account! 2014/04/14 09:33:58
xincheng3::create a account! 2014/04/14 09:34:23
